<?xml version="1.0" encoding="UTF-8"?>
<testsuite name="WallServiceTest" tests="1" skipped="0" failures="0" errors="0" timestamp="2020-11-01T09:51:07" hostname="ПОЛЬЗОВАТЕЛЬ-ПК" time="0.299">
  <properties/>
  <testcase name="add" classname="WallServiceTest" time="0.299"/>
  <system-out><![CDATA[]]></system-out>
  <system-err><![CDATA[]]></system-err>
</testsuite>
